2026-01-30 07:46:03,572 - sqlalchemy.engine.Engine - INFO - select pg_catalog.version()
2026-01-30 07:46:03,572 - sqlalchemy.engine.Engine - INFO - [raw sql] ()
2026-01-30 07:46:03,581 - sqlalchemy.engine.Engine - INFO - select current_schema()
2026-01-30 07:46:03,581 - sqlalchemy.engine.Engine - INFO - [raw sql] ()
2026-01-30 07:46:03,586 - sqlalchemy.engine.Engine - INFO - show standard_conforming_strings
2026-01-30 07:46:03,586 - sqlalchemy.engine.Engine - INFO - [raw sql] ()
2026-01-30 07:46:03,589 - sqlalchemy.engine.Engine - INFO - BEGIN (implicit)
2026-01-30 07:46:03,595 - sqlalchemy.engine.Engine - INFO - SELECT pg_catalog.pg_class.relname 
FROM pg_catalog.pg_class JOIN pg_catalog.pg_namespace ON pg_catalog.pg_namespace.oid = pg_catalog.pg_class.relnamespace 
WHERE pg_catalog.pg_class.relname = $1::VARCHAR AND pg_catalog.pg_class.relkind = ANY (ARRAY[$2::VARCHAR, $3::VARCHAR, $4::VARCHAR, $5::VARCHAR, $6::VARCHAR]) AND pg_catalog.pg_table_is_visible(pg_catalog.pg_class.oid) AND pg_catalog.pg_namespace.nspname != $7::VARCHAR
2026-01-30 07:46:03,595 - sqlalchemy.engine.Engine - INFO - [generated in 0.00038s] ('category', 'r', 'p', 'f', 'v', 'm', 'pg_catalog')
2026-01-30 07:46:03,607 - sqlalchemy.engine.Engine - INFO - SELECT pg_catalog.pg_class.relname 
FROM pg_catalog.pg_class JOIN pg_catalog.pg_namespace ON pg_catalog.pg_namespace.oid = pg_catalog.pg_class.relnamespace 
WHERE pg_catalog.pg_class.relname = $1::VARCHAR AND pg_catalog.pg_class.relkind = ANY (ARRAY[$2::VARCHAR, $3::VARCHAR, $4::VARCHAR, $5::VARCHAR, $6::VARCHAR]) AND pg_catalog.pg_table_is_visible(pg_catalog.pg_class.oid) AND pg_catalog.pg_namespace.nspname != $7::VARCHAR
2026-01-30 07:46:03,608 - sqlalchemy.engine.Engine - INFO - [cached since 0.01315s ago] ('course', 'r', 'p', 'f', 'v', 'm', 'pg_catalog')
2026-01-30 07:46:03,609 - sqlalchemy.engine.Engine - INFO - SELECT pg_catalog.pg_class.relname 
FROM pg_catalog.pg_class JOIN pg_catalog.pg_namespace ON pg_catalog.pg_namespace.oid = pg_catalog.pg_class.relnamespace 
WHERE pg_catalog.pg_class.relname = $1::VARCHAR AND pg_catalog.pg_class.relkind = ANY (ARRAY[$2::VARCHAR, $3::VARCHAR, $4::VARCHAR, $5::VARCHAR, $6::VARCHAR]) AND pg_catalog.pg_table_is_visible(pg_catalog.pg_class.oid) AND pg_catalog.pg_namespace.nspname != $7::VARCHAR
2026-01-30 07:46:03,610 - sqlalchemy.engine.Engine - INFO - [cached since 0.01519s ago] ('section', 'r', 'p', 'f', 'v', 'm', 'pg_catalog')
2026-01-30 07:46:03,611 - sqlalchemy.engine.Engine - INFO - SELECT pg_catalog.pg_class.relname 
FROM pg_catalog.pg_class JOIN pg_catalog.pg_namespace ON pg_catalog.pg_namespace.oid = pg_catalog.pg_class.relnamespace 
WHERE pg_catalog.pg_class.relname = $1::VARCHAR AND pg_catalog.pg_class.relkind = ANY (ARRAY[$2::VARCHAR, $3::VARCHAR, $4::VARCHAR, $5::VARCHAR, $6::VARCHAR]) AND pg_catalog.pg_table_is_visible(pg_catalog.pg_class.oid) AND pg_catalog.pg_namespace.nspname != $7::VARCHAR
2026-01-30 07:46:03,611 - sqlalchemy.engine.Engine - INFO - [cached since 0.01685s ago] ('course_reviews', 'r', 'p', 'f', 'v', 'm', 'pg_catalog')
2026-01-30 07:46:03,613 - sqlalchemy.engine.Engine - INFO - SELECT pg_catalog.pg_class.relname 
FROM pg_catalog.pg_class JOIN pg_catalog.pg_namespace ON pg_catalog.pg_namespace.oid = pg_catalog.pg_class.relnamespace 
WHERE pg_catalog.pg_class.relname = $1::VARCHAR AND pg_catalog.pg_class.relkind = ANY (ARRAY[$2::VARCHAR, $3::VARCHAR, $4::VARCHAR, $5::VARCHAR, $6::VARCHAR]) AND pg_catalog.pg_table_is_visible(pg_catalog.pg_class.oid) AND pg_catalog.pg_namespace.nspname != $7::VARCHAR
2026-01-30 07:46:03,613 - sqlalchemy.engine.Engine - INFO - [cached since 0.0183s ago] ('cohort', 'r', 'p', 'f', 'v', 'm', 'pg_catalog')
2026-01-30 07:46:03,614 - sqlalchemy.engine.Engine - INFO - SELECT pg_catalog.pg_class.relname 
FROM pg_catalog.pg_class JOIN pg_catalog.pg_namespace ON pg_catalog.pg_namespace.oid = pg_catalog.pg_class.relnamespace 
WHERE pg_catalog.pg_class.relname = $1::VARCHAR AND pg_catalog.pg_class.relkind = ANY (ARRAY[$2::VARCHAR, $3::VARCHAR, $4::VARCHAR, $5::VARCHAR, $6::VARCHAR]) AND pg_catalog.pg_table_is_visible(pg_catalog.pg_class.oid) AND pg_catalog.pg_namespace.nspname != $7::VARCHAR
2026-01-30 07:46:03,615 - sqlalchemy.engine.Engine - INFO - [cached since 0.01998s ago] ('enrollment', 'r', 'p', 'f', 'v', 'm', 'pg_catalog')
2026-01-30 07:46:03,616 - sqlalchemy.engine.Engine - INFO - SELECT pg_catalog.pg_class.relname 
FROM pg_catalog.pg_class JOIN pg_catalog.pg_namespace ON pg_catalog.pg_namespace.oid = pg_catalog.pg_class.relnamespace 
WHERE pg_catalog.pg_class.relname = $1::VARCHAR AND pg_catalog.pg_class.relkind = ANY (ARRAY[$2::VARCHAR, $3::VARCHAR, $4::VARCHAR, $5::VARCHAR, $6::VARCHAR]) AND pg_catalog.pg_table_is_visible(pg_catalog.pg_class.oid) AND pg_catalog.pg_namespace.nspname != $7::VARCHAR
2026-01-30 07:46:03,616 - sqlalchemy.engine.Engine - INFO - [cached since 0.02164s ago] ('lesson_progress', 'r', 'p', 'f', 'v', 'm', 'pg_catalog')
2026-01-30 07:46:03,617 - sqlalchemy.engine.Engine - INFO - SELECT pg_catalog.pg_class.relname 
FROM pg_catalog.pg_class JOIN pg_catalog.pg_namespace ON pg_catalog.pg_namespace.oid = pg_catalog.pg_class.relnamespace 
WHERE pg_catalog.pg_class.relname = $1::VARCHAR AND pg_catalog.pg_class.relkind = ANY (ARRAY[$2::VARCHAR, $3::VARCHAR, $4::VARCHAR, $5::VARCHAR, $6::VARCHAR]) AND pg_catalog.pg_table_is_visible(pg_catalog.pg_class.oid) AND pg_catalog.pg_namespace.nspname != $7::VARCHAR
2026-01-30 07:46:03,618 - sqlalchemy.engine.Engine - INFO - [cached since 0.02303s ago] ('certificate', 'r', 'p', 'f', 'v', 'm', 'pg_catalog')
2026-01-30 07:46:03,619 - sqlalchemy.engine.Engine - INFO - SELECT pg_catalog.pg_class.relname 
FROM pg_catalog.pg_class JOIN pg_catalog.pg_namespace ON pg_catalog.pg_namespace.oid = pg_catalog.pg_class.relnamespace 
WHERE pg_catalog.pg_class.relname = $1::VARCHAR AND pg_catalog.pg_class.relkind = ANY (ARRAY[$2::VARCHAR, $3::VARCHAR, $4::VARCHAR, $5::VARCHAR, $6::VARCHAR]) AND pg_catalog.pg_table_is_visible(pg_catalog.pg_class.oid) AND pg_catalog.pg_namespace.nspname != $7::VARCHAR
2026-01-30 07:46:03,619 - sqlalchemy.engine.Engine - INFO - [cached since 0.02415s ago] ('lesson', 'r', 'p', 'f', 'v', 'm', 'pg_catalog')
2026-01-30 07:46:03,620 - sqlalchemy.engine.Engine - INFO - SELECT pg_catalog.pg_class.relname 
FROM pg_catalog.pg_class JOIN pg_catalog.pg_namespace ON pg_catalog.pg_namespace.oid = pg_catalog.pg_class.relnamespace 
WHERE pg_catalog.pg_class.relname = $1::VARCHAR AND pg_catalog.pg_class.relkind = ANY (ARRAY[$2::VARCHAR, $3::VARCHAR, $4::VARCHAR, $5::VARCHAR, $6::VARCHAR]) AND pg_catalog.pg_table_is_visible(pg_catalog.pg_class.oid) AND pg_catalog.pg_namespace.nspname != $7::VARCHAR
2026-01-30 07:46:03,620 - sqlalchemy.engine.Engine - INFO - [cached since 0.02536s ago] ('quiz', 'r', 'p', 'f', 'v', 'm', 'pg_catalog')
2026-01-30 07:46:03,621 - sqlalchemy.engine.Engine - INFO - SELECT pg_catalog.pg_class.relname 
FROM pg_catalog.pg_class JOIN pg_catalog.pg_namespace ON pg_catalog.pg_namespace.oid = pg_catalog.pg_class.relnamespace 
WHERE pg_catalog.pg_class.relname = $1::VARCHAR AND pg_catalog.pg_class.relkind = ANY (ARRAY[$2::VARCHAR, $3::VARCHAR, $4::VARCHAR, $5::VARCHAR, $6::VARCHAR]) AND pg_catalog.pg_table_is_visible(pg_catalog.pg_class.oid) AND pg_catalog.pg_namespace.nspname != $7::VARCHAR
2026-01-30 07:46:03,621 - sqlalchemy.engine.Engine - INFO - [cached since 0.02638s ago] ('quizquestion', 'r', 'p', 'f', 'v', 'm', 'pg_catalog')
2026-01-30 07:46:03,622 - sqlalchemy.engine.Engine - INFO - SELECT pg_catalog.pg_class.relname 
FROM pg_catalog.pg_class JOIN pg_catalog.pg_namespace ON pg_catalog.pg_namespace.oid = pg_catalog.pg_class.relnamespace 
WHERE pg_catalog.pg_class.relname = $1::VARCHAR AND pg_catalog.pg_class.relkind = ANY (ARRAY[$2::VARCHAR, $3::VARCHAR, $4::VARCHAR, $5::VARCHAR, $6::VARCHAR]) AND pg_catalog.pg_table_is_visible(pg_catalog.pg_class.oid) AND pg_catalog.pg_namespace.nspname != $7::VARCHAR
2026-01-30 07:46:03,622 - sqlalchemy.engine.Engine - INFO - [cached since 0.02772s ago] ('quizattempt', 'r', 'p', 'f', 'v', 'm', 'pg_catalog')
2026-01-30 07:46:03,623 - sqlalchemy.engine.Engine - INFO - SELECT pg_catalog.pg_class.relname 
FROM pg_catalog.pg_class JOIN pg_catalog.pg_namespace ON pg_catalog.pg_namespace.oid = pg_catalog.pg_class.relnamespace 
WHERE pg_catalog.pg_class.relname = $1::VARCHAR AND pg_catalog.pg_class.relkind = ANY (ARRAY[$2::VARCHAR, $3::VARCHAR, $4::VARCHAR, $5::VARCHAR, $6::VARCHAR]) AND pg_catalog.pg_table_is_visible(pg_catalog.pg_class.oid) AND pg_catalog.pg_namespace.nspname != $7::VARCHAR
2026-01-30 07:46:03,624 - sqlalchemy.engine.Engine - INFO - [cached since 0.02912s ago] ('assignment', 'r', 'p', 'f', 'v', 'm', 'pg_catalog')
2026-01-30 07:46:03,626 - sqlalchemy.engine.Engine - INFO - SELECT pg_catalog.pg_class.relname 
FROM pg_catalog.pg_class JOIN pg_catalog.pg_namespace ON pg_catalog.pg_namespace.oid = pg_catalog.pg_class.relnamespace 
WHERE pg_catalog.pg_class.relname = $1::VARCHAR AND pg_catalog.pg_class.relkind = ANY (ARRAY[$2::VARCHAR, $3::VARCHAR, $4::VARCHAR, $5::VARCHAR, $6::VARCHAR]) AND pg_catalog.pg_table_is_visible(pg_catalog.pg_class.oid) AND pg_catalog.pg_namespace.nspname != $7::VARCHAR
2026-01-30 07:46:03,626 - sqlalchemy.engine.Engine - INFO - [cached since 0.03183s ago] ('assignmentsubmission', 'r', 'p', 'f', 'v', 'm', 'pg_catalog')
2026-01-30 07:46:03,629 - sqlalchemy.engine.Engine - INFO - SELECT pg_catalog.pg_class.relname 
FROM pg_catalog.pg_class JOIN pg_catalog.pg_namespace ON pg_catalog.pg_namespace.oid = pg_catalog.pg_class.relnamespace 
WHERE pg_catalog.pg_class.relname = $1::VARCHAR AND pg_catalog.pg_class.relkind = ANY (ARRAY[$2::VARCHAR, $3::VARCHAR, $4::VARCHAR, $5::VARCHAR, $6::VARCHAR]) AND pg_catalog.pg_table_is_visible(pg_catalog.pg_class.oid) AND pg_catalog.pg_namespace.nspname != $7::VARCHAR
2026-01-30 07:46:03,629 - sqlalchemy.engine.Engine - INFO - [cached since 0.03482s ago] ('token_balances', 'r', 'p', 'f', 'v', 'm', 'pg_catalog')
2026-01-30 07:46:03,631 - sqlalchemy.engine.Engine - INFO - SELECT pg_catalog.pg_class.relname 
FROM pg_catalog.pg_class JOIN pg_catalog.pg_namespace ON pg_catalog.pg_namespace.oid = pg_catalog.pg_class.relnamespace 
WHERE pg_catalog.pg_class.relname = $1::VARCHAR AND pg_catalog.pg_class.relkind = ANY (ARRAY[$2::VARCHAR, $3::VARCHAR, $4::VARCHAR, $5::VARCHAR, $6::VARCHAR]) AND pg_catalog.pg_table_is_visible(pg_catalog.pg_class.oid) AND pg_catalog.pg_namespace.nspname != $7::VARCHAR
2026-01-30 07:46:03,631 - sqlalchemy.engine.Engine - INFO - [cached since 0.03681s ago] ('token_transactions', 'r', 'p', 'f', 'v', 'm', 'pg_catalog')
2026-01-30 07:46:03,632 - sqlalchemy.engine.Engine - INFO - SELECT pg_catalog.pg_class.relname 
FROM pg_catalog.pg_class JOIN pg_catalog.pg_namespace ON pg_catalog.pg_namespace.oid = pg_catalog.pg_class.relnamespace 
WHERE pg_catalog.pg_class.relname = $1::VARCHAR AND pg_catalog.pg_class.relkind = ANY (ARRAY[$2::VARCHAR, $3::VARCHAR, $4::VARCHAR, $5::VARCHAR, $6::VARCHAR]) AND pg_catalog.pg_table_is_visible(pg_catalog.pg_class.oid) AND pg_catalog.pg_namespace.nspname != $7::VARCHAR
2026-01-30 07:46:03,632 - sqlalchemy.engine.Engine - INFO - [cached since 0.03783s ago] ('notification', 'r', 'p', 'f', 'v', 'm', 'pg_catalog')
2026-01-30 07:46:03,634 - sqlalchemy.engine.Engine - INFO - SELECT pg_catalog.pg_class.relname 
FROM pg_catalog.pg_class JOIN pg_catalog.pg_namespace ON pg_catalog.pg_namespace.oid = pg_catalog.pg_class.relnamespace 
WHERE pg_catalog.pg_class.relname = $1::VARCHAR AND pg_catalog.pg_class.relkind = ANY (ARRAY[$2::VARCHAR, $3::VARCHAR, $4::VARCHAR, $5::VARCHAR, $6::VARCHAR]) AND pg_catalog.pg_table_is_visible(pg_catalog.pg_class.oid) AND pg_catalog.pg_namespace.nspname != $7::VARCHAR
2026-01-30 07:46:03,634 - sqlalchemy.engine.Engine - INFO - [cached since 0.03978s ago] ('notification_settings', 'r', 'p', 'f', 'v', 'm', 'pg_catalog')
2026-01-30 07:46:03,636 - sqlalchemy.engine.Engine - INFO - SELECT pg_catalog.pg_class.relname 
FROM pg_catalog.pg_class JOIN pg_catalog.pg_namespace ON pg_catalog.pg_namespace.oid = pg_catalog.pg_class.relnamespace 
WHERE pg_catalog.pg_class.relname = $1::VARCHAR AND pg_catalog.pg_class.relkind = ANY (ARRAY[$2::VARCHAR, $3::VARCHAR, $4::VARCHAR, $5::VARCHAR, $6::VARCHAR]) AND pg_catalog.pg_table_is_visible(pg_catalog.pg_class.oid) AND pg_catalog.pg_namespace.nspname != $7::VARCHAR
2026-01-30 07:46:03,637 - sqlalchemy.engine.Engine - INFO - [cached since 0.04216s ago] ('revenue_records', 'r', 'p', 'f', 'v', 'm', 'pg_catalog')
2026-01-30 07:46:03,639 - sqlalchemy.engine.Engine - INFO - SELECT pg_catalog.pg_class.relname 
FROM pg_catalog.pg_class JOIN pg_catalog.pg_namespace ON pg_catalog.pg_namespace.oid = pg_catalog.pg_class.relnamespace 
WHERE pg_catalog.pg_class.relname = $1::VARCHAR AND pg_catalog.pg_class.relkind = ANY (ARRAY[$2::VARCHAR, $3::VARCHAR, $4::VARCHAR, $5::VARCHAR, $6::VARCHAR]) AND pg_catalog.pg_table_is_visible(pg_catalog.pg_class.oid) AND pg_catalog.pg_namespace.nspname != $7::VARCHAR
2026-01-30 07:46:03,639 - sqlalchemy.engine.Engine - INFO - [cached since 0.04445s ago] ('admin_audit_log', 'r', 'p', 'f', 'v', 'm', 'pg_catalog')
2026-01-30 07:46:03,641 - sqlalchemy.engine.Engine - INFO - SELECT pg_catalog.pg_class.relname 
FROM pg_catalog.pg_class JOIN pg_catalog.pg_namespace ON pg_catalog.pg_namespace.oid = pg_catalog.pg_class.relnamespace 
WHERE pg_catalog.pg_class.relname = $1::VARCHAR AND pg_catalog.pg_class.relkind = ANY (ARRAY[$2::VARCHAR, $3::VARCHAR, $4::VARCHAR, $5::VARCHAR, $6::VARCHAR]) AND pg_catalog.pg_table_is_visible(pg_catalog.pg_class.oid) AND pg_catalog.pg_namespace.nspname != $7::VARCHAR
2026-01-30 07:46:03,642 - sqlalchemy.engine.Engine - INFO - [cached since 0.04724s ago] ('users', 'r', 'p', 'f', 'v', 'm', 'pg_catalog')
2026-01-30 07:46:03,643 - sqlalchemy.engine.Engine - INFO - SELECT pg_catalog.pg_class.relname 
FROM pg_catalog.pg_class JOIN pg_catalog.pg_namespace ON pg_catalog.pg_namespace.oid = pg_catalog.pg_class.relnamespace 
WHERE pg_catalog.pg_class.relname = $1::VARCHAR AND pg_catalog.pg_class.relkind = ANY (ARRAY[$2::VARCHAR, $3::VARCHAR, $4::VARCHAR, $5::VARCHAR, $6::VARCHAR]) AND pg_catalog.pg_table_is_visible(pg_catalog.pg_class.oid) AND pg_catalog.pg_namespace.nspname != $7::VARCHAR
2026-01-30 07:46:03,643 - sqlalchemy.engine.Engine - INFO - [cached since 0.04894s ago] ('user_profiles', 'r', 'p', 'f', 'v', 'm', 'pg_catalog')
2026-01-30 07:46:03,644 - sqlalchemy.engine.Engine - INFO - SELECT pg_catalog.pg_class.relname 
FROM pg_catalog.pg_class JOIN pg_catalog.pg_namespace ON pg_catalog.pg_namespace.oid = pg_catalog.pg_class.relnamespace 
WHERE pg_catalog.pg_class.relname = $1::VARCHAR AND pg_catalog.pg_class.relkind = ANY (ARRAY[$2::VARCHAR, $3::VARCHAR, $4::VARCHAR, $5::VARCHAR, $6::VARCHAR]) AND pg_catalog.pg_table_is_visible(pg_catalog.pg_class.oid) AND pg_catalog.pg_namespace.nspname != $7::VARCHAR
2026-01-30 07:46:03,645 - sqlalchemy.engine.Engine - INFO - [cached since 0.04996s ago] ('site', 'r', 'p', 'f', 'v', 'm', 'pg_catalog')
2026-01-30 07:46:03,647 - sqlalchemy.engine.Engine - INFO - SELECT pg_catalog.pg_type.typname 
FROM pg_catalog.pg_type JOIN pg_catalog.pg_namespace ON pg_catalog.pg_namespace.oid = pg_catalog.pg_type.typnamespace 
WHERE pg_catalog.pg_type.typname = $1::VARCHAR AND pg_catalog.pg_type_is_visible(pg_catalog.pg_type.oid) AND pg_catalog.pg_namespace.nspname != $2::VARCHAR
2026-01-30 07:46:03,648 - sqlalchemy.engine.Engine - INFO - [generated in 0.00028s] ('courselevel', 'pg_catalog')
2026-01-30 07:46:03,652 - sqlalchemy.engine.Engine - INFO - SELECT pg_catalog.pg_type.typname 
FROM pg_catalog.pg_type JOIN pg_catalog.pg_namespace ON pg_catalog.pg_namespace.oid = pg_catalog.pg_type.typnamespace 
WHERE pg_catalog.pg_type.typname = $1::VARCHAR AND pg_catalog.pg_type_is_visible(pg_catalog.pg_type.oid) AND pg_catalog.pg_namespace.nspname != $2::VARCHAR
2026-01-30 07:46:03,652 - sqlalchemy.engine.Engine - INFO - [cached since 0.004801s ago] ('coursestatus', 'pg_catalog')
2026-01-30 07:46:03,656 - sqlalchemy.engine.Engine - INFO - SELECT pg_catalog.pg_type.typname 
FROM pg_catalog.pg_type JOIN pg_catalog.pg_namespace ON pg_catalog.pg_namespace.oid = pg_catalog.pg_type.typnamespace 
WHERE pg_catalog.pg_type.typname = $1::VARCHAR AND pg_catalog.pg_type_is_visible(pg_catalog.pg_type.oid) AND pg_catalog.pg_namespace.nspname != $2::VARCHAR
2026-01-30 07:46:03,656 - sqlalchemy.engine.Engine - INFO - [cached since 0.008974s ago] ('enrollmentstatus', 'pg_catalog')
2026-01-30 07:46:03,659 - sqlalchemy.engine.Engine - INFO - SELECT pg_catalog.pg_type.typname 
FROM pg_catalog.pg_type JOIN pg_catalog.pg_namespace ON pg_catalog.pg_namespace.oid = pg_catalog.pg_type.typnamespace 
WHERE pg_catalog.pg_type.typname = $1::VARCHAR AND pg_catalog.pg_type_is_visible(pg_catalog.pg_type.oid) AND pg_catalog.pg_namespace.nspname != $2::VARCHAR
2026-01-30 07:46:03,659 - sqlalchemy.engine.Engine - INFO - [cached since 0.01141s ago] ('completionstatus', 'pg_catalog')
2026-01-30 07:46:03,661 - sqlalchemy.engine.Engine - INFO - SELECT pg_catalog.pg_type.typname 
FROM pg_catalog.pg_type JOIN pg_catalog.pg_namespace ON pg_catalog.pg_namespace.oid = pg_catalog.pg_type.typnamespace 
WHERE pg_catalog.pg_type.typname = $1::VARCHAR AND pg_catalog.pg_type_is_visible(pg_catalog.pg_type.oid) AND pg_catalog.pg_namespace.nspname != $2::VARCHAR
2026-01-30 07:46:03,661 - sqlalchemy.engine.Engine - INFO - [cached since 0.01404s ago] ('lessontype', 'pg_catalog')
2026-01-30 07:46:03,663 - sqlalchemy.engine.Engine - INFO - SELECT pg_catalog.pg_type.typname 
FROM pg_catalog.pg_type JOIN pg_catalog.pg_namespace ON pg_catalog.pg_namespace.oid = pg_catalog.pg_type.typnamespace 
WHERE pg_catalog.pg_type.typname = $1::VARCHAR AND pg_catalog.pg_type_is_visible(pg_catalog.pg_type.oid) AND pg_catalog.pg_namespace.nspname != $2::VARCHAR
2026-01-30 07:46:03,663 - sqlalchemy.engine.Engine - INFO - [cached since 0.01583s ago] ('quizquestiontype', 'pg_catalog')
2026-01-30 07:46:03,665 - sqlalchemy.engine.Engine - INFO - SELECT pg_catalog.pg_type.typname 
FROM pg_catalog.pg_type JOIN pg_catalog.pg_namespace ON pg_catalog.pg_namespace.oid = pg_catalog.pg_type.typnamespace 
WHERE pg_catalog.pg_type.typname = $1::VARCHAR AND pg_catalog.pg_type_is_visible(pg_catalog.pg_type.oid) AND pg_catalog.pg_namespace.nspname != $2::VARCHAR
2026-01-30 07:46:03,666 - sqlalchemy.engine.Engine - INFO - [cached since 0.01822s ago] ('notificationtype', 'pg_catalog')
2026-01-30 07:46:03,667 - sqlalchemy.engine.Engine - INFO - SELECT pg_catalog.pg_type.typname 
FROM pg_catalog.pg_type JOIN pg_catalog.pg_namespace ON pg_catalog.pg_namespace.oid = pg_catalog.pg_type.typnamespace 
WHERE pg_catalog.pg_type.typname = $1::VARCHAR AND pg_catalog.pg_type_is_visible(pg_catalog.pg_type.oid) AND pg_catalog.pg_namespace.nspname != $2::VARCHAR
2026-01-30 07:46:03,667 - sqlalchemy.engine.Engine - INFO - [cached since 0.02004s ago] ('notificationpriority', 'pg_catalog')
2026-01-30 07:46:03,669 - sqlalchemy.engine.Engine - INFO - SELECT pg_catalog.pg_type.typname 
FROM pg_catalog.pg_type JOIN pg_catalog.pg_namespace ON pg_catalog.pg_namespace.oid = pg_catalog.pg_type.typnamespace 
WHERE pg_catalog.pg_type.typname = $1::VARCHAR AND pg_catalog.pg_type_is_visible(pg_catalog.pg_type.oid) AND pg_catalog.pg_namespace.nspname != $2::VARCHAR
2026-01-30 07:46:03,669 - sqlalchemy.engine.Engine - INFO - [cached since 0.02164s ago] ('userrole', 'pg_catalog')
2026-01-30 07:46:03,670 - sqlalchemy.engine.Engine - INFO - SELECT pg_catalog.pg_type.typname 
FROM pg_catalog.pg_type JOIN pg_catalog.pg_namespace ON pg_catalog.pg_namespace.oid = pg_catalog.pg_type.typnamespace 
WHERE pg_catalog.pg_type.typname = $1::VARCHAR AND pg_catalog.pg_type_is_visible(pg_catalog.pg_type.oid) AND pg_catalog.pg_namespace.nspname != $2::VARCHAR
2026-01-30 07:46:03,671 - sqlalchemy.engine.Engine - INFO - [cached since 0.02335s ago] ('userstatus', 'pg_catalog')
2026-01-30 07:46:03,674 - sqlalchemy.engine.Engine - INFO - COMMIT
2026-01-30 07:46:03,680 - sqlalchemy.engine.Engine - INFO - BEGIN (implicit)
2026-01-30 07:46:03,717 - sqlalchemy.engine.Engine - INFO - SELECT site.id, site.subdomain, site.custom_domain, site.name, site.logo_url, site.theme_config, site.owner_id 
FROM site 
WHERE site.subdomain = $1::VARCHAR
2026-01-30 07:46:03,717 - sqlalchemy.engine.Engine - INFO - [generated in 0.00038s] ('test',)
2026-01-30 07:46:03,726 - sqlalchemy.engine.Engine - INFO - ROLLBACK
2026-01-30 07:46:18,971 - sqlalchemy.engine.Engine - INFO - BEGIN (implicit)
2026-01-30 07:46:18,971 - sqlalchemy.engine.Engine - INFO - SELECT site.id, site.subdomain, site.custom_domain, site.name, site.logo_url, site.theme_config, site.owner_id 
FROM site 
WHERE site.subdomain = $1::VARCHAR
2026-01-30 07:46:18,971 - sqlalchemy.engine.Engine - INFO - [cached since 15.25s ago] ('test',)
2026-01-30 07:46:18,974 - sqlalchemy.engine.Engine - INFO - ROLLBACK
2026-01-30 07:46:54,754 - sqlalchemy.engine.Engine - INFO - BEGIN (implicit)
2026-01-30 07:46:54,755 - sqlalchemy.engine.Engine - INFO - SELECT site.id, site.subdomain, site.custom_domain, site.name, site.logo_url, site.theme_config, site.owner_id 
FROM site 
WHERE site.subdomain = $1::VARCHAR
2026-01-30 07:46:54,755 - sqlalchemy.engine.Engine - INFO - [cached since 51.04s ago] ('test-311124',)
2026-01-30 07:46:54,758 - sqlalchemy.engine.Engine - INFO - ROLLBACK
2026-01-30 07:46:54,770 - sqlalchemy.engine.Engine - INFO - BEGIN (implicit)
2026-01-30 07:46:54,771 - sqlalchemy.engine.Engine - INFO - SELECT site.id, site.subdomain, site.custom_domain, site.name, site.logo_url, site.theme_config, site.owner_id 
FROM site 
WHERE site.subdomain = $1::VARCHAR
2026-01-30 07:46:54,771 - sqlalchemy.engine.Engine - INFO - [cached since 51.05s ago] ('test-311124',)
2026-01-30 07:46:54,774 - sqlalchemy.engine.Engine - INFO - SELECT users.id, users.site_id, users.email, users.username, users.hashed_password, users.first_name, users.last_name, users.role, users.status, users.avatar_url, users.bio, users.phone, users.timezone, users.language, users.email_verified, users.last_login_at, users.created_at, users.updated_at 
FROM users 
WHERE users.email = $1::VARCHAR
2026-01-30 07:46:54,774 - sqlalchemy.engine.Engine - INFO - [generated in 0.00024s] ('admin@test-311124.com',)
2026-01-30 07:46:54,784 - sqlalchemy.engine.Engine - INFO - ROLLBACK
2026-01-30 07:47:06,363 - sqlalchemy.engine.Engine - INFO - select pg_catalog.version()
2026-01-30 07:47:06,363 - sqlalchemy.engine.Engine - INFO - [raw sql] ()
2026-01-30 07:47:06,366 - sqlalchemy.engine.Engine - INFO - select current_schema()
2026-01-30 07:47:06,366 - sqlalchemy.engine.Engine - INFO - [raw sql] ()
2026-01-30 07:47:06,369 - sqlalchemy.engine.Engine - INFO - show standard_conforming_strings
2026-01-30 07:47:06,369 - sqlalchemy.engine.Engine - INFO - [raw sql] ()
2026-01-30 07:47:06,371 - sqlalchemy.engine.Engine - INFO - BEGIN (implicit)
2026-01-30 07:47:06,380 - sqlalchemy.engine.Engine - INFO - SELECT pg_catalog.pg_class.relname 
FROM pg_catalog.pg_class JOIN pg_catalog.pg_namespace ON pg_catalog.pg_namespace.oid = pg_catalog.pg_class.relnamespace 
WHERE pg_catalog.pg_class.relname = $1::VARCHAR AND pg_catalog.pg_class.relkind = ANY (ARRAY[$2::VARCHAR, $3::VARCHAR, $4::VARCHAR, $5::VARCHAR, $6::VARCHAR]) AND pg_catalog.pg_table_is_visible(pg_catalog.pg_class.oid) AND pg_catalog.pg_namespace.nspname != $7::VARCHAR
2026-01-30 07:47:06,380 - sqlalchemy.engine.Engine - INFO - [generated in 0.00032s] ('category', 'r', 'p', 'f', 'v', 'm', 'pg_catalog')
2026-01-30 07:47:06,386 - sqlalchemy.engine.Engine - INFO - SELECT pg_catalog.pg_class.relname 
FROM pg_catalog.pg_class JOIN pg_catalog.pg_namespace ON pg_catalog.pg_namespace.oid = pg_catalog.pg_class.relnamespace 
WHERE pg_catalog.pg_class.relname = $1::VARCHAR AND pg_catalog.pg_class.relkind = ANY (ARRAY[$2::VARCHAR, $3::VARCHAR, $4::VARCHAR, $5::VARCHAR, $6::VARCHAR]) AND pg_catalog.pg_table_is_visible(pg_catalog.pg_class.oid) AND pg_catalog.pg_namespace.nspname != $7::VARCHAR
2026-01-30 07:47:06,387 - sqlalchemy.engine.Engine - INFO - [cached since 0.006959s ago] ('course', 'r', 'p', 'f', 'v', 'm', 'pg_catalog')
2026-01-30 07:47:06,388 - sqlalchemy.engine.Engine - INFO - SELECT pg_catalog.pg_class.relname 
FROM pg_catalog.pg_class JOIN pg_catalog.pg_namespace ON pg_catalog.pg_namespace.oid = pg_catalog.pg_class.relnamespace 
WHERE pg_catalog.pg_class.relname = $1::VARCHAR AND pg_catalog.pg_class.relkind = ANY (ARRAY[$2::VARCHAR, $3::VARCHAR, $4::VARCHAR, $5::VARCHAR, $6::VARCHAR]) AND pg_catalog.pg_table_is_visible(pg_catalog.pg_class.oid) AND pg_catalog.pg_namespace.nspname != $7::VARCHAR
2026-01-30 07:47:06,388 - sqlalchemy.engine.Engine - INFO - [cached since 0.008429s ago] ('section', 'r', 'p', 'f', 'v', 'm', 'pg_catalog')
2026-01-30 07:47:06,389 - sqlalchemy.engine.Engine - INFO - SELECT pg_catalog.pg_class.relname 
FROM pg_catalog.pg_class JOIN pg_catalog.pg_namespace ON pg_catalog.pg_namespace.oid = pg_catalog.pg_class.relnamespace 
WHERE pg_catalog.pg_class.relname = $1::VARCHAR AND pg_catalog.pg_class.relkind = ANY (ARRAY[$2::VARCHAR, $3::VARCHAR, $4::VARCHAR, $5::VARCHAR, $6::VARCHAR]) AND pg_catalog.pg_table_is_visible(pg_catalog.pg_class.oid) AND pg_catalog.pg_namespace.nspname != $7::VARCHAR
2026-01-30 07:47:06,389 - sqlalchemy.engine.Engine - INFO - [cached since 0.009609s ago] ('course_reviews', 'r', 'p', 'f', 'v', 'm', 'pg_catalog')
2026-01-30 07:47:06,390 - sqlalchemy.engine.Engine - INFO - SELECT pg_catalog.pg_class.relname 
FROM pg_catalog.pg_class JOIN pg_catalog.pg_namespace ON pg_catalog.pg_namespace.oid = pg_catalog.pg_class.relnamespace 
WHERE pg_catalog.pg_class.relname = $1::VARCHAR AND pg_catalog.pg_class.relkind = ANY (ARRAY[$2::VARCHAR, $3::VARCHAR, $4::VARCHAR, $5::VARCHAR, $6::VARCHAR]) AND pg_catalog.pg_table_is_visible(pg_catalog.pg_class.oid) AND pg_catalog.pg_namespace.nspname != $7::VARCHAR
2026-01-30 07:47:06,390 - sqlalchemy.engine.Engine - INFO - [cached since 0.01073s ago] ('cohort', 'r', 'p', 'f', 'v', 'm', 'pg_catalog')
2026-01-30 07:47:06,391 - sqlalchemy.engine.Engine - INFO - SELECT pg_catalog.pg_class.relname 
FROM pg_catalog.pg_class JOIN pg_catalog.pg_namespace ON pg_catalog.pg_namespace.oid = pg_catalog.pg_class.relnamespace 
WHERE pg_catalog.pg_class.relname = $1::VARCHAR AND pg_catalog.pg_class.relkind = ANY (ARRAY[$2::VARCHAR, $3::VARCHAR, $4::VARCHAR, $5::VARCHAR, $6::VARCHAR]) AND pg_catalog.pg_table_is_visible(pg_catalog.pg_class.oid) AND pg_catalog.pg_namespace.nspname != $7::VARCHAR
2026-01-30 07:47:06,391 - sqlalchemy.engine.Engine - INFO - [cached since 0.01172s ago] ('enrollment', 'r', 'p', 'f', 'v', 'm', 'pg_catalog')
2026-01-30 07:47:06,393 - sqlalchemy.engine.Engine - INFO - SELECT pg_catalog.pg_class.relname 
FROM pg_catalog.pg_class JOIN pg_catalog.pg_namespace ON pg_catalog.pg_namespace.oid = pg_catalog.pg_class.relnamespace 
WHERE pg_catalog.pg_class.relname = $1::VARCHAR AND pg_catalog.pg_class.relkind = ANY (ARRAY[$2::VARCHAR, $3::VARCHAR, $4::VARCHAR, $5::VARCHAR, $6::VARCHAR]) AND pg_catalog.pg_table_is_visible(pg_catalog.pg_class.oid) AND pg_catalog.pg_namespace.nspname != $7::VARCHAR
2026-01-30 07:47:06,393 - sqlalchemy.engine.Engine - INFO - [cached since 0.01328s ago] ('lesson_progress', 'r', 'p', 'f', 'v', 'm', 'pg_catalog')
2026-01-30 07:47:06,394 - sqlalchemy.engine.Engine - INFO - SELECT pg_catalog.pg_class.relname 
FROM pg_catalog.pg_class JOIN pg_catalog.pg_namespace ON pg_catalog.pg_namespace.oid = pg_catalog.pg_class.relnamespace 
WHERE pg_catalog.pg_class.relname = $1::VARCHAR AND pg_catalog.pg_class.relkind = ANY (ARRAY[$2::VARCHAR, $3::VARCHAR, $4::VARCHAR, $5::VARCHAR, $6::VARCHAR]) AND pg_catalog.pg_table_is_visible(pg_catalog.pg_class.oid) AND pg_catalog.pg_namespace.nspname != $7::VARCHAR
2026-01-30 07:47:06,394 - sqlalchemy.engine.Engine - INFO - [cached since 0.01465s ago] ('certificate', 'r', 'p', 'f', 'v', 'm', 'pg_catalog')
2026-01-30 07:47:06,396 - sqlalchemy.engine.Engine - INFO - SELECT pg_catalog.pg_class.relname 
FROM pg_catalog.pg_class JOIN pg_catalog.pg_namespace ON pg_catalog.pg_namespace.oid = pg_catalog.pg_class.relnamespace 
WHERE pg_catalog.pg_class.relname = $1::VARCHAR AND pg_catalog.pg_class.relkind = ANY (ARRAY[$2::VARCHAR, $3::VARCHAR, $4::VARCHAR, $5::VARCHAR, $6::VARCHAR]) AND pg_catalog.pg_table_is_visible(pg_catalog.pg_class.oid) AND pg_catalog.pg_namespace.nspname != $7::VARCHAR
2026-01-30 07:47:06,396 - sqlalchemy.engine.Engine - INFO - [cached since 0.01629s ago] ('lesson', 'r', 'p', 'f', 'v', 'm', 'pg_catalog')
2026-01-30 07:47:06,397 - sqlalchemy.engine.Engine - INFO - SELECT pg_catalog.pg_class.relname 
FROM pg_catalog.pg_class JOIN pg_catalog.pg_namespace ON pg_catalog.pg_namespace.oid = pg_catalog.pg_class.relnamespace 
WHERE pg_catalog.pg_class.relname = $1::VARCHAR AND pg_catalog.pg_class.relkind = ANY (ARRAY[$2::VARCHAR, $3::VARCHAR, $4::VARCHAR, $5::VARCHAR, $6::VARCHAR]) AND pg_catalog.pg_table_is_visible(pg_catalog.pg_class.oid) AND pg_catalog.pg_namespace.nspname != $7::VARCHAR
2026-01-30 07:47:06,397 - sqlalchemy.engine.Engine - INFO - [cached since 0.01731s ago] ('quiz', 'r', 'p', 'f', 'v', 'm', 'pg_catalog')
2026-01-30 07:47:06,398 - sqlalchemy.engine.Engine - INFO - SELECT pg_catalog.pg_class.relname 
FROM pg_catalog.pg_class JOIN pg_catalog.pg_namespace ON pg_catalog.pg_namespace.oid = pg_catalog.pg_class.relnamespace 
WHERE pg_catalog.pg_class.relname = $1::VARCHAR AND pg_catalog.pg_class.relkind = ANY (ARRAY[$2::VARCHAR, $3::VARCHAR, $4::VARCHAR, $5::VARCHAR, $6::VARCHAR]) AND pg_catalog.pg_table_is_visible(pg_catalog.pg_class.oid) AND pg_catalog.pg_namespace.nspname != $7::VARCHAR
2026-01-30 07:47:06,398 - sqlalchemy.engine.Engine - INFO - [cached since 0.01813s ago] ('quizquestion', 'r', 'p', 'f', 'v', 'm', 'pg_catalog')
2026-01-30 07:47:06,399 - sqlalchemy.engine.Engine - INFO - SELECT pg_catalog.pg_class.relname 
FROM pg_catalog.pg_class JOIN pg_catalog.pg_namespace ON pg_catalog.pg_namespace.oid = pg_catalog.pg_class.relnamespace 
WHERE pg_catalog.pg_class.relname = $1::VARCHAR AND pg_catalog.pg_class.relkind = ANY (ARRAY[$2::VARCHAR, $3::VARCHAR, $4::VARCHAR, $5::VARCHAR, $6::VARCHAR]) AND pg_catalog.pg_table_is_visible(pg_catalog.pg_class.oid) AND pg_catalog.pg_namespace.nspname != $7::VARCHAR
2026-01-30 07:47:06,399 - sqlalchemy.engine.Engine - INFO - [cached since 0.01901s ago] ('quizattempt', 'r', 'p', 'f', 'v', 'm', 'pg_catalog')
2026-01-30 07:47:06,399 - sqlalchemy.engine.Engine - INFO - SELECT pg_catalog.pg_class.relname 
FROM pg_catalog.pg_class JOIN pg_catalog.pg_namespace ON pg_catalog.pg_namespace.oid = pg_catalog.pg_class.relnamespace 
WHERE pg_catalog.pg_class.relname = $1::VARCHAR AND pg_catalog.pg_class.relkind = ANY (ARRAY[$2::VARCHAR, $3::VARCHAR, $4::VARCHAR, $5::VARCHAR, $6::VARCHAR]) AND pg_catalog.pg_table_is_visible(pg_catalog.pg_class.oid) AND pg_catalog.pg_namespace.nspname != $7::VARCHAR
2026-01-30 07:47:06,400 - sqlalchemy.engine.Engine - INFO - [cached since 0.01993s ago] ('assignment', 'r', 'p', 'f', 'v', 'm', 'pg_catalog')
2026-01-30 07:47:06,400 - sqlalchemy.engine.Engine - INFO - SELECT pg_catalog.pg_class.relname 
FROM pg_catalog.pg_class JOIN pg_catalog.pg_namespace ON pg_catalog.pg_namespace.oid = pg_catalog.pg_class.relnamespace 
WHERE pg_catalog.pg_class.relname = $1::VARCHAR AND pg_catalog.pg_class.relkind = ANY (ARRAY[$2::VARCHAR, $3::VARCHAR, $4::VARCHAR, $5::VARCHAR, $6::VARCHAR]) AND pg_catalog.pg_table_is_visible(pg_catalog.pg_class.oid) AND pg_catalog.pg_namespace.nspname != $7::VARCHAR
2026-01-30 07:47:06,400 - sqlalchemy.engine.Engine - INFO - [cached since 0.02071s ago] ('assignmentsubmission', 'r', 'p', 'f', 'v', 'm', 'pg_catalog')
2026-01-30 07:47:06,401 - sqlalchemy.engine.Engine - INFO - SELECT pg_catalog.pg_class.relname 
FROM pg_catalog.pg_class JOIN pg_catalog.pg_namespace ON pg_catalog.pg_namespace.oid = pg_catalog.pg_class.relnamespace 
WHERE pg_catalog.pg_class.relname = $1::VARCHAR AND pg_catalog.pg_class.relkind = ANY (ARRAY[$2::VARCHAR, $3::VARCHAR, $4::VARCHAR, $5::VARCHAR, $6::VARCHAR]) AND pg_catalog.pg_table_is_visible(pg_catalog.pg_class.oid) AND pg_catalog.pg_namespace.nspname != $7::VARCHAR
2026-01-30 07:47:06,401 - sqlalchemy.engine.Engine - INFO - [cached since 0.02152s ago] ('token_balances', 'r', 'p', 'f', 'v', 'm', 'pg_catalog')
2026-01-30 07:47:06,402 - sqlalchemy.engine.Engine - INFO - SELECT pg_catalog.pg_class.relname 
FROM pg_catalog.pg_class JOIN pg_catalog.pg_namespace ON pg_catalog.pg_namespace.oid = pg_catalog.pg_class.relnamespace 
WHERE pg_catalog.pg_class.relname = $1::VARCHAR AND pg_catalog.pg_class.relkind = ANY (ARRAY[$2::VARCHAR, $3::VARCHAR, $4::VARCHAR, $5::VARCHAR, $6::VARCHAR]) AND pg_catalog.pg_table_is_visible(pg_catalog.pg_class.oid) AND pg_catalog.pg_namespace.nspname != $7::VARCHAR
2026-01-30 07:47:06,402 - sqlalchemy.engine.Engine - INFO - [cached since 0.0226s ago] ('token_transactions', 'r', 'p', 'f', 'v', 'm', 'pg_catalog')
2026-01-30 07:47:06,403 - sqlalchemy.engine.Engine - INFO - SELECT pg_catalog.pg_class.relname 
FROM pg_catalog.pg_class JOIN pg_catalog.pg_namespace ON pg_catalog.pg_namespace.oid = pg_catalog.pg_class.relnamespace 
WHERE pg_catalog.pg_class.relname = $1::VARCHAR AND pg_catalog.pg_class.relkind = ANY (ARRAY[$2::VARCHAR, $3::VARCHAR, $4::VARCHAR, $5::VARCHAR, $6::VARCHAR]) AND pg_catalog.pg_table_is_visible(pg_catalog.pg_class.oid) AND pg_catalog.pg_namespace.nspname != $7::VARCHAR
2026-01-30 07:47:06,403 - sqlalchemy.engine.Engine - INFO - [cached since 0.02354s ago] ('notification', 'r', 'p', 'f', 'v', 'm', 'pg_catalog')
2026-01-30 07:47:06,405 - sqlalchemy.engine.Engine - INFO - SELECT pg_catalog.pg_class.relname 
FROM pg_catalog.pg_class JOIN pg_catalog.pg_namespace ON pg_catalog.pg_namespace.oid = pg_catalog.pg_class.relnamespace 
WHERE pg_catalog.pg_class.relname = $1::VARCHAR AND pg_catalog.pg_class.relkind = ANY (ARRAY[$2::VARCHAR, $3::VARCHAR, $4::VARCHAR, $5::VARCHAR, $6::VARCHAR]) AND pg_catalog.pg_table_is_visible(pg_catalog.pg_class.oid) AND pg_catalog.pg_namespace.nspname != $7::VARCHAR
2026-01-30 07:47:06,405 - sqlalchemy.engine.Engine - INFO - [cached since 0.02548s ago] ('notification_settings', 'r', 'p', 'f', 'v', 'm', 'pg_catalog')
2026-01-30 07:47:06,406 - sqlalchemy.engine.Engine - INFO - SELECT pg_catalog.pg_class.relname 
FROM pg_catalog.pg_class JOIN pg_catalog.pg_namespace ON pg_catalog.pg_namespace.oid = pg_catalog.pg_class.relnamespace 
WHERE pg_catalog.pg_class.relname = $1::VARCHAR AND pg_catalog.pg_class.relkind = ANY (ARRAY[$2::VARCHAR, $3::VARCHAR, $4::VARCHAR, $5::VARCHAR, $6::VARCHAR]) AND pg_catalog.pg_table_is_visible(pg_catalog.pg_class.oid) AND pg_catalog.pg_namespace.nspname != $7::VARCHAR
2026-01-30 07:47:06,406 - sqlalchemy.engine.Engine - INFO - [cached since 0.02656s ago] ('revenue_records', 'r', 'p', 'f', 'v', 'm', 'pg_catalog')
2026-01-30 07:47:06,407 - sqlalchemy.engine.Engine - INFO - SELECT pg_catalog.pg_class.relname 
FROM pg_catalog.pg_class JOIN pg_catalog.pg_namespace ON pg_catalog.pg_namespace.oid = pg_catalog.pg_class.relnamespace 
WHERE pg_catalog.pg_class.relname = $1::VARCHAR AND pg_catalog.pg_class.relkind = ANY (ARRAY[$2::VARCHAR, $3::VARCHAR, $4::VARCHAR, $5::VARCHAR, $6::VARCHAR]) AND pg_catalog.pg_table_is_visible(pg_catalog.pg_class.oid) AND pg_catalog.pg_namespace.nspname != $7::VARCHAR
2026-01-30 07:47:06,407 - sqlalchemy.engine.Engine - INFO - [cached since 0.0277s ago] ('admin_audit_log', 'r', 'p', 'f', 'v', 'm', 'pg_catalog')
2026-01-30 07:47:06,408 - sqlalchemy.engine.Engine - INFO - SELECT pg_catalog.pg_class.relname 
FROM pg_catalog.pg_class JOIN pg_catalog.pg_namespace ON pg_catalog.pg_namespace.oid = pg_catalog.pg_class.relnamespace 
WHERE pg_catalog.pg_class.relname = $1::VARCHAR AND pg_catalog.pg_class.relkind = ANY (ARRAY[$2::VARCHAR, $3::VARCHAR, $4::VARCHAR, $5::VARCHAR, $6::VARCHAR]) AND pg_catalog.pg_table_is_visible(pg_catalog.pg_class.oid) AND pg_catalog.pg_namespace.nspname != $7::VARCHAR
2026-01-30 07:47:06,409 - sqlalchemy.engine.Engine - INFO - [cached since 0.02891s ago] ('users', 'r', 'p', 'f', 'v', 'm', 'pg_catalog')
2026-01-30 07:47:06,410 - sqlalchemy.engine.Engine - INFO - SELECT pg_catalog.pg_class.relname 
FROM pg_catalog.pg_class JOIN pg_catalog.pg_namespace ON pg_catalog.pg_namespace.oid = pg_catalog.pg_class.relnamespace 
WHERE pg_catalog.pg_class.relname = $1::VARCHAR AND pg_catalog.pg_class.relkind = ANY (ARRAY[$2::VARCHAR, $3::VARCHAR, $4::VARCHAR, $5::VARCHAR, $6::VARCHAR]) AND pg_catalog.pg_table_is_visible(pg_catalog.pg_class.oid) AND pg_catalog.pg_namespace.nspname != $7::VARCHAR
2026-01-30 07:47:06,410 - sqlalchemy.engine.Engine - INFO - [cached since 0.03051s ago] ('user_profiles', 'r', 'p', 'f', 'v', 'm', 'pg_catalog')
2026-01-30 07:47:06,412 - sqlalchemy.engine.Engine - INFO - SELECT pg_catalog.pg_class.relname 
FROM pg_catalog.pg_class JOIN pg_catalog.pg_namespace ON pg_catalog.pg_namespace.oid = pg_catalog.pg_class.relnamespace 
WHERE pg_catalog.pg_class.relname = $1::VARCHAR AND pg_catalog.pg_class.relkind = ANY (ARRAY[$2::VARCHAR, $3::VARCHAR, $4::VARCHAR, $5::VARCHAR, $6::VARCHAR]) AND pg_catalog.pg_table_is_visible(pg_catalog.pg_class.oid) AND pg_catalog.pg_namespace.nspname != $7::VARCHAR
2026-01-30 07:47:06,413 - sqlalchemy.engine.Engine - INFO - [cached since 0.03319s ago] ('site', 'r', 'p', 'f', 'v', 'm', 'pg_catalog')
2026-01-30 07:47:06,416 - sqlalchemy.engine.Engine - INFO - SELECT pg_catalog.pg_type.typname 
FROM pg_catalog.pg_type JOIN pg_catalog.pg_namespace ON pg_catalog.pg_namespace.oid = pg_catalog.pg_type.typnamespace 
WHERE pg_catalog.pg_type.typname = $1::VARCHAR AND pg_catalog.pg_type_is_visible(pg_catalog.pg_type.oid) AND pg_catalog.pg_namespace.nspname != $2::VARCHAR
2026-01-30 07:47:06,416 - sqlalchemy.engine.Engine - INFO - [generated in 0.00027s] ('courselevel', 'pg_catalog')
2026-01-30 07:47:06,419 - sqlalchemy.engine.Engine - INFO - SELECT pg_catalog.pg_type.typname 
FROM pg_catalog.pg_type JOIN pg_catalog.pg_namespace ON pg_catalog.pg_namespace.oid = pg_catalog.pg_type.typnamespace 
WHERE pg_catalog.pg_type.typname = $1::VARCHAR AND pg_catalog.pg_type_is_visible(pg_catalog.pg_type.oid) AND pg_catalog.pg_namespace.nspname != $2::VARCHAR
2026-01-30 07:47:06,419 - sqlalchemy.engine.Engine - INFO - [cached since 0.003092s ago] ('coursestatus', 'pg_catalog')
2026-01-30 07:47:06,421 - sqlalchemy.engine.Engine - INFO - SELECT pg_catalog.pg_type.typname 
FROM pg_catalog.pg_type JOIN pg_catalog.pg_namespace ON pg_catalog.pg_namespace.oid = pg_catalog.pg_type.typnamespace 
WHERE pg_catalog.pg_type.typname = $1::VARCHAR AND pg_catalog.pg_type_is_visible(pg_catalog.pg_type.oid) AND pg_catalog.pg_namespace.nspname != $2::VARCHAR
2026-01-30 07:47:06,421 - sqlalchemy.engine.Engine - INFO - [cached since 0.004913s ago] ('enrollmentstatus', 'pg_catalog')
2026-01-30 07:47:06,423 - sqlalchemy.engine.Engine - INFO - SELECT pg_catalog.pg_type.typname 
FROM pg_catalog.pg_type JOIN pg_catalog.pg_namespace ON pg_catalog.pg_namespace.oid = pg_catalog.pg_type.typnamespace 
WHERE pg_catalog.pg_type.typname = $1::VARCHAR AND pg_catalog.pg_type_is_visible(pg_catalog.pg_type.oid) AND pg_catalog.pg_namespace.nspname != $2::VARCHAR
2026-01-30 07:47:06,423 - sqlalchemy.engine.Engine - INFO - [cached since 0.007124s ago] ('completionstatus', 'pg_catalog')
2026-01-30 07:47:06,425 - sqlalchemy.engine.Engine - INFO - SELECT pg_catalog.pg_type.typname 
FROM pg_catalog.pg_type JOIN pg_catalog.pg_namespace ON pg_catalog.pg_namespace.oid = pg_catalog.pg_type.typnamespace 
WHERE pg_catalog.pg_type.typname = $1::VARCHAR AND pg_catalog.pg_type_is_visible(pg_catalog.pg_type.oid) AND pg_catalog.pg_namespace.nspname != $2::VARCHAR
2026-01-30 07:47:06,425 - sqlalchemy.engine.Engine - INFO - [cached since 0.009357s ago] ('lessontype', 'pg_catalog')
2026-01-30 07:47:06,427 - sqlalchemy.engine.Engine - INFO - SELECT pg_catalog.pg_type.typname 
FROM pg_catalog.pg_type JOIN pg_catalog.pg_namespace ON pg_catalog.pg_namespace.oid = pg_catalog.pg_type.typnamespace 
WHERE pg_catalog.pg_type.typname = $1::VARCHAR AND pg_catalog.pg_type_is_visible(pg_catalog.pg_type.oid) AND pg_catalog.pg_namespace.nspname != $2::VARCHAR
2026-01-30 07:47:06,428 - sqlalchemy.engine.Engine - INFO - [cached since 0.01186s ago] ('quizquestiontype', 'pg_catalog')
2026-01-30 07:47:06,429 - sqlalchemy.engine.Engine - INFO - SELECT pg_catalog.pg_type.typname 
FROM pg_catalog.pg_type JOIN pg_catalog.pg_namespace ON pg_catalog.pg_namespace.oid = pg_catalog.pg_type.typnamespace 
WHERE pg_catalog.pg_type.typname = $1::VARCHAR AND pg_catalog.pg_type_is_visible(pg_catalog.pg_type.oid) AND pg_catalog.pg_namespace.nspname != $2::VARCHAR
2026-01-30 07:47:06,429 - sqlalchemy.engine.Engine - INFO - [cached since 0.01348s ago] ('notificationtype', 'pg_catalog')
2026-01-30 07:47:06,430 - sqlalchemy.engine.Engine - INFO - SELECT pg_catalog.pg_type.typname 
FROM pg_catalog.pg_type JOIN pg_catalog.pg_namespace ON pg_catalog.pg_namespace.oid = pg_catalog.pg_type.typnamespace 
WHERE pg_catalog.pg_type.typname = $1::VARCHAR AND pg_catalog.pg_type_is_visible(pg_catalog.pg_type.oid) AND pg_catalog.pg_namespace.nspname != $2::VARCHAR
2026-01-30 07:47:06,431 - sqlalchemy.engine.Engine - INFO - [cached since 0.01482s ago] ('notificationpriority', 'pg_catalog')
2026-01-30 07:47:06,434 - sqlalchemy.engine.Engine - INFO - SELECT pg_catalog.pg_type.typname 
FROM pg_catalog.pg_type JOIN pg_catalog.pg_namespace ON pg_catalog.pg_namespace.oid = pg_catalog.pg_type.typnamespace 
WHERE pg_catalog.pg_type.typname = $1::VARCHAR AND pg_catalog.pg_type_is_visible(pg_catalog.pg_type.oid) AND pg_catalog.pg_namespace.nspname != $2::VARCHAR
2026-01-30 07:47:06,434 - sqlalchemy.engine.Engine - INFO - [cached since 0.01818s ago] ('userrole', 'pg_catalog')
2026-01-30 07:47:06,436 - sqlalchemy.engine.Engine - INFO - SELECT pg_catalog.pg_type.typname 
FROM pg_catalog.pg_type JOIN pg_catalog.pg_namespace ON pg_catalog.pg_namespace.oid = pg_catalog.pg_type.typnamespace 
WHERE pg_catalog.pg_type.typname = $1::VARCHAR AND pg_catalog.pg_type_is_visible(pg_catalog.pg_type.oid) AND pg_catalog.pg_namespace.nspname != $2::VARCHAR
2026-01-30 07:47:06,437 - sqlalchemy.engine.Engine - INFO - [cached since 0.02063s ago] ('userstatus', 'pg_catalog')
2026-01-30 07:47:06,438 - sqlalchemy.engine.Engine - INFO - COMMIT
2026-01-30 07:47:29,916 - sqlalchemy.engine.Engine - INFO - select pg_catalog.version()
2026-01-30 07:47:29,917 - sqlalchemy.engine.Engine - INFO - [raw sql] ()
2026-01-30 07:47:29,922 - sqlalchemy.engine.Engine - INFO - select current_schema()
2026-01-30 07:47:29,923 - sqlalchemy.engine.Engine - INFO - [raw sql] ()
2026-01-30 07:47:29,926 - sqlalchemy.engine.Engine - INFO - show standard_conforming_strings
2026-01-30 07:47:29,926 - sqlalchemy.engine.Engine - INFO - [raw sql] ()
2026-01-30 07:47:29,927 - sqlalchemy.engine.Engine - INFO - BEGIN (implicit)
2026-01-30 07:47:29,935 - sqlalchemy.engine.Engine - INFO - SELECT pg_catalog.pg_class.relname 
FROM pg_catalog.pg_class JOIN pg_catalog.pg_namespace ON pg_catalog.pg_namespace.oid = pg_catalog.pg_class.relnamespace 
WHERE pg_catalog.pg_class.relname = $1::VARCHAR AND pg_catalog.pg_class.relkind = ANY (ARRAY[$2::VARCHAR, $3::VARCHAR, $4::VARCHAR, $5::VARCHAR, $6::VARCHAR]) AND pg_catalog.pg_table_is_visible(pg_catalog.pg_class.oid) AND pg_catalog.pg_namespace.nspname != $7::VARCHAR
2026-01-30 07:47:29,935 - sqlalchemy.engine.Engine - INFO - [generated in 0.00049s] ('category', 'r', 'p', 'f', 'v', 'm', 'pg_catalog')
2026-01-30 07:47:29,942 - sqlalchemy.engine.Engine - INFO - SELECT pg_catalog.pg_class.relname 
FROM pg_catalog.pg_class JOIN pg_catalog.pg_namespace ON pg_catalog.pg_namespace.oid = pg_catalog.pg_class.relnamespace 
WHERE pg_catalog.pg_class.relname = $1::VARCHAR AND pg_catalog.pg_class.relkind = ANY (ARRAY[$2::VARCHAR, $3::VARCHAR, $4::VARCHAR, $5::VARCHAR, $6::VARCHAR]) AND pg_catalog.pg_table_is_visible(pg_catalog.pg_class.oid) AND pg_catalog.pg_namespace.nspname != $7::VARCHAR
2026-01-30 07:47:29,942 - sqlalchemy.engine.Engine - INFO - [cached since 0.007607s ago] ('course', 'r', 'p', 'f', 'v', 'm', 'pg_catalog')
2026-01-30 07:47:29,943 - sqlalchemy.engine.Engine - INFO - SELECT pg_catalog.pg_class.relname 
FROM pg_catalog.pg_class JOIN pg_catalog.pg_namespace ON pg_catalog.pg_namespace.oid = pg_catalog.pg_class.relnamespace 
WHERE pg_catalog.pg_class.relname = $1::VARCHAR AND pg_catalog.pg_class.relkind = ANY (ARRAY[$2::VARCHAR, $3::VARCHAR, $4::VARCHAR, $5::VARCHAR, $6::VARCHAR]) AND pg_catalog.pg_table_is_visible(pg_catalog.pg_class.oid) AND pg_catalog.pg_namespace.nspname != $7::VARCHAR
2026-01-30 07:47:29,943 - sqlalchemy.engine.Engine - INFO - [cached since 0.008711s ago] ('section', 'r', 'p', 'f', 'v', 'm', 'pg_catalog')
2026-01-30 07:47:29,944 - sqlalchemy.engine.Engine - INFO - SELECT pg_catalog.pg_class.relname 
FROM pg_catalog.pg_class JOIN pg_catalog.pg_namespace ON pg_catalog.pg_namespace.oid = pg_catalog.pg_class.relnamespace 
WHERE pg_catalog.pg_class.relname = $1::VARCHAR AND pg_catalog.pg_class.relkind = ANY (ARRAY[$2::VARCHAR, $3::VARCHAR, $4::VARCHAR, $5::VARCHAR, $6::VARCHAR]) AND pg_catalog.pg_table_is_visible(pg_catalog.pg_class.oid) AND pg_catalog.pg_namespace.nspname != $7::VARCHAR
2026-01-30 07:47:29,944 - sqlalchemy.engine.Engine - INFO - [cached since 0.009725s ago] ('course_reviews', 'r', 'p', 'f', 'v', 'm', 'pg_catalog')
2026-01-30 07:47:29,945 - sqlalchemy.engine.Engine - INFO - SELECT pg_catalog.pg_class.relname 
FROM pg_catalog.pg_class JOIN pg_catalog.pg_namespace ON pg_catalog.pg_namespace.oid = pg_catalog.pg_class.relnamespace 
WHERE pg_catalog.pg_class.relname = $1::VARCHAR AND pg_catalog.pg_class.relkind = ANY (ARRAY[$2::VARCHAR, $3::VARCHAR, $4::VARCHAR, $5::VARCHAR, $6::VARCHAR]) AND pg_catalog.pg_table_is_visible(pg_catalog.pg_class.oid) AND pg_catalog.pg_namespace.nspname != $7::VARCHAR
2026-01-30 07:47:29,945 - sqlalchemy.engine.Engine - INFO - [cached since 0.01083s ago] ('cohort', 'r', 'p', 'f', 'v', 'm', 'pg_catalog')
2026-01-30 07:47:29,946 - sqlalchemy.engine.Engine - INFO - SELECT pg_catalog.pg_class.relname 
FROM pg_catalog.pg_class JOIN pg_catalog.pg_namespace ON pg_catalog.pg_namespace.oid = pg_catalog.pg_class.relnamespace 
WHERE pg_catalog.pg_class.relname = $1::VARCHAR AND pg_catalog.pg_class.relkind = ANY (ARRAY[$2::VARCHAR, $3::VARCHAR, $4::VARCHAR, $5::VARCHAR, $6::VARCHAR]) AND pg_catalog.pg_table_is_visible(pg_catalog.pg_class.oid) AND pg_catalog.pg_namespace.nspname != $7::VARCHAR
2026-01-30 07:47:29,947 - sqlalchemy.engine.Engine - INFO - [cached since 0.01219s ago] ('enrollment', 'r', 'p', 'f', 'v', 'm', 'pg_catalog')
2026-01-30 07:47:29,948 - sqlalchemy.engine.Engine - INFO - SELECT pg_catalog.pg_class.relname 
FROM pg_catalog.pg_class JOIN pg_catalog.pg_namespace ON pg_catalog.pg_namespace.oid = pg_catalog.pg_class.relnamespace 
WHERE pg_catalog.pg_class.relname = $1::VARCHAR AND pg_catalog.pg_class.relkind = ANY (ARRAY[$2::VARCHAR, $3::VARCHAR, $4::VARCHAR, $5::VARCHAR, $6::VARCHAR]) AND pg_catalog.pg_table_is_visible(pg_catalog.pg_class.oid) AND pg_catalog.pg_namespace.nspname != $7::VARCHAR
2026-01-30 07:47:29,948 - sqlalchemy.engine.Engine - INFO - [cached since 0.01394s ago] ('lesson_progress', 'r', 'p', 'f', 'v', 'm', 'pg_catalog')
2026-01-30 07:47:29,950 - sqlalchemy.engine.Engine - INFO - SELECT pg_catalog.pg_class.relname 
FROM pg_catalog.pg_class JOIN pg_catalog.pg_namespace ON pg_catalog.pg_namespace.oid = pg_catalog.pg_class.relnamespace 
WHERE pg_catalog.pg_class.relname = $1::VARCHAR AND pg_catalog.pg_class.relkind = ANY (ARRAY[$2::VARCHAR, $3::VARCHAR, $4::VARCHAR, $5::VARCHAR, $6::VARCHAR]) AND pg_catalog.pg_table_is_visible(pg_catalog.pg_class.oid) AND pg_catalog.pg_namespace.nspname != $7::VARCHAR
2026-01-30 07:47:29,950 - sqlalchemy.engine.Engine - INFO - [cached since 0.01535s ago] ('certificate', 'r', 'p', 'f', 'v', 'm', 'pg_catalog')
2026-01-30 07:47:29,951 - sqlalchemy.engine.Engine - INFO - SELECT pg_catalog.pg_class.relname 
FROM pg_catalog.pg_class JOIN pg_catalog.pg_namespace ON pg_catalog.pg_namespace.oid = pg_catalog.pg_class.relnamespace 
WHERE pg_catalog.pg_class.relname = $1::VARCHAR AND pg_catalog.pg_class.relkind = ANY (ARRAY[$2::VARCHAR, $3::VARCHAR, $4::VARCHAR, $5::VARCHAR, $6::VARCHAR]) AND pg_catalog.pg_table_is_visible(pg_catalog.pg_class.oid) AND pg_catalog.pg_namespace.nspname != $7::VARCHAR
2026-01-30 07:47:29,951 - sqlalchemy.engine.Engine - INFO - [cached since 0.01628s ago] ('lesson', 'r', 'p', 'f', 'v', 'm', 'pg_catalog')
2026-01-30 07:47:29,951 - sqlalchemy.engine.Engine - INFO - SELECT pg_catalog.pg_class.relname 
FROM pg_catalog.pg_class JOIN pg_catalog.pg_namespace ON pg_catalog.pg_namespace.oid = pg_catalog.pg_class.relnamespace 
WHERE pg_catalog.pg_class.relname = $1::VARCHAR AND pg_catalog.pg_class.relkind = ANY (ARRAY[$2::VARCHAR, $3::VARCHAR, $4::VARCHAR, $5::VARCHAR, $6::VARCHAR]) AND pg_catalog.pg_table_is_visible(pg_catalog.pg_class.oid) AND pg_catalog.pg_namespace.nspname != $7::VARCHAR
2026-01-30 07:47:29,951 - sqlalchemy.engine.Engine - INFO - [cached since 0.017s ago] ('quiz', 'r', 'p', 'f', 'v', 'm', 'pg_catalog')
2026-01-30 07:47:29,952 - sqlalchemy.engine.Engine - INFO - SELECT pg_catalog.pg_class.relname 
FROM pg_catalog.pg_class JOIN pg_catalog.pg_namespace ON pg_catalog.pg_namespace.oid = pg_catalog.pg_class.relnamespace 
WHERE pg_catalog.pg_class.relname = $1::VARCHAR AND pg_catalog.pg_class.relkind = ANY (ARRAY[$2::VARCHAR, $3::VARCHAR, $4::VARCHAR, $5::VARCHAR, $6::VARCHAR]) AND pg_catalog.pg_table_is_visible(pg_catalog.pg_class.oid) AND pg_catalog.pg_namespace.nspname != $7::VARCHAR
2026-01-30 07:47:29,952 - sqlalchemy.engine.Engine - INFO - [cached since 0.01784s ago] ('quizquestion', 'r', 'p', 'f', 'v', 'm', 'pg_catalog')
2026-01-30 07:47:29,953 - sqlalchemy.engine.Engine - INFO - SELECT pg_catalog.pg_class.relname 
FROM pg_catalog.pg_class JOIN pg_catalog.pg_namespace ON pg_catalog.pg_namespace.oid = pg_catalog.pg_class.relnamespace 
WHERE pg_catalog.pg_class.relname = $1::VARCHAR AND pg_catalog.pg_class.relkind = ANY (ARRAY[$2::VARCHAR, $3::VARCHAR, $4::VARCHAR, $5::VARCHAR, $6::VARCHAR]) AND pg_catalog.pg_table_is_visible(pg_catalog.pg_class.oid) AND pg_catalog.pg_namespace.nspname != $7::VARCHAR
2026-01-30 07:47:29,953 - sqlalchemy.engine.Engine - INFO - [cached since 0.01857s ago] ('quizattempt', 'r', 'p', 'f', 'v', 'm', 'pg_catalog')
2026-01-30 07:47:29,954 - sqlalchemy.engine.Engine - INFO - SELECT pg_catalog.pg_class.relname 
FROM pg_catalog.pg_class JOIN pg_catalog.pg_namespace ON pg_catalog.pg_namespace.oid = pg_catalog.pg_class.relnamespace 
WHERE pg_catalog.pg_class.relname = $1::VARCHAR AND pg_catalog.pg_class.relkind = ANY (ARRAY[$2::VARCHAR, $3::VARCHAR, $4::VARCHAR, $5::VARCHAR, $6::VARCHAR]) AND pg_catalog.pg_table_is_visible(pg_catalog.pg_class.oid) AND pg_catalog.pg_namespace.nspname != $7::VARCHAR
2026-01-30 07:47:29,954 - sqlalchemy.engine.Engine - INFO - [cached since 0.01922s ago] ('assignment', 'r', 'p', 'f', 'v', 'm', 'pg_catalog')
2026-01-30 07:47:29,954 - sqlalchemy.engine.Engine - INFO - SELECT pg_catalog.pg_class.relname 
FROM pg_catalog.pg_class JOIN pg_catalog.pg_namespace ON pg_catalog.pg_namespace.oid = pg_catalog.pg_class.relnamespace 
WHERE pg_catalog.pg_class.relname = $1::VARCHAR AND pg_catalog.pg_class.relkind = ANY (ARRAY[$2::VARCHAR, $3::VARCHAR, $4::VARCHAR, $5::VARCHAR, $6::VARCHAR]) AND pg_catalog.pg_table_is_visible(pg_catalog.pg_class.oid) AND pg_catalog.pg_namespace.nspname != $7::VARCHAR
2026-01-30 07:47:29,955 - sqlalchemy.engine.Engine - INFO - [cached since 0.02005s ago] ('assignmentsubmission', 'r', 'p', 'f', 'v', 'm', 'pg_catalog')
2026-01-30 07:47:29,955 - sqlalchemy.engine.Engine - INFO - SELECT pg_catalog.pg_class.relname 
FROM pg_catalog.pg_class JOIN pg_catalog.pg_namespace ON pg_catalog.pg_namespace.oid = pg_catalog.pg_class.relnamespace 
WHERE pg_catalog.pg_class.relname = $1::VARCHAR AND pg_catalog.pg_class.relkind = ANY (ARRAY[$2::VARCHAR, $3::VARCHAR, $4::VARCHAR, $5::VARCHAR, $6::VARCHAR]) AND pg_catalog.pg_table_is_visible(pg_catalog.pg_class.oid) AND pg_catalog.pg_namespace.nspname != $7::VARCHAR
2026-01-30 07:47:29,955 - sqlalchemy.engine.Engine - INFO - [cached since 0.02082s ago] ('token_balances', 'r', 'p', 'f', 'v', 'm', 'pg_catalog')
2026-01-30 07:47:29,956 - sqlalchemy.engine.Engine - INFO - SELECT pg_catalog.pg_class.relname 
FROM pg_catalog.pg_class JOIN pg_catalog.pg_namespace ON pg_catalog.pg_namespace.oid = pg_catalog.pg_class.relnamespace 
WHERE pg_catalog.pg_class.relname = $1::VARCHAR AND pg_catalog.pg_class.relkind = ANY (ARRAY[$2::VARCHAR, $3::VARCHAR, $4::VARCHAR, $5::VARCHAR, $6::VARCHAR]) AND pg_catalog.pg_table_is_visible(pg_catalog.pg_class.oid) AND pg_catalog.pg_namespace.nspname != $7::VARCHAR
2026-01-30 07:47:29,956 - sqlalchemy.engine.Engine - INFO - [cached since 0.02157s ago] ('token_transactions', 'r', 'p', 'f', 'v', 'm', 'pg_catalog')
2026-01-30 07:47:29,957 - sqlalchemy.engine.Engine - INFO - SELECT pg_catalog.pg_class.relname 
FROM pg_catalog.pg_class JOIN pg_catalog.pg_namespace ON pg_catalog.pg_namespace.oid = pg_catalog.pg_class.relnamespace 
WHERE pg_catalog.pg_class.relname = $1::VARCHAR AND pg_catalog.pg_class.relkind = ANY (ARRAY[$2::VARCHAR, $3::VARCHAR, $4::VARCHAR, $5::VARCHAR, $6::VARCHAR]) AND pg_catalog.pg_table_is_visible(pg_catalog.pg_class.oid) AND pg_catalog.pg_namespace.nspname != $7::VARCHAR
2026-01-30 07:47:29,957 - sqlalchemy.engine.Engine - INFO - [cached since 0.02221s ago] ('notification', 'r', 'p', 'f', 'v', 'm', 'pg_catalog')
2026-01-30 07:47:29,957 - sqlalchemy.engine.Engine - INFO - SELECT pg_catalog.pg_class.relname 
FROM pg_catalog.pg_class JOIN pg_catalog.pg_namespace ON pg_catalog.pg_namespace.oid = pg_catalog.pg_class.relnamespace 
WHERE pg_catalog.pg_class.relname = $1::VARCHAR AND pg_catalog.pg_class.relkind = ANY (ARRAY[$2::VARCHAR, $3::VARCHAR, $4::VARCHAR, $5::VARCHAR, $6::VARCHAR]) AND pg_catalog.pg_table_is_visible(pg_catalog.pg_class.oid) AND pg_catalog.pg_namespace.nspname != $7::VARCHAR
2026-01-30 07:47:29,958 - sqlalchemy.engine.Engine - INFO - [cached since 0.02316s ago] ('notification_settings', 'r', 'p', 'f', 'v', 'm', 'pg_catalog')
2026-01-30 07:47:29,958 - sqlalchemy.engine.Engine - INFO - SELECT pg_catalog.pg_class.relname 
FROM pg_catalog.pg_class JOIN pg_catalog.pg_namespace ON pg_catalog.pg_namespace.oid = pg_catalog.pg_class.relnamespace 
WHERE pg_catalog.pg_class.relname = $1::VARCHAR AND pg_catalog.pg_class.relkind = ANY (ARRAY[$2::VARCHAR, $3::VARCHAR, $4::VARCHAR, $5::VARCHAR, $6::VARCHAR]) AND pg_catalog.pg_table_is_visible(pg_catalog.pg_class.oid) AND pg_catalog.pg_namespace.nspname != $7::VARCHAR
2026-01-30 07:47:29,958 - sqlalchemy.engine.Engine - INFO - [cached since 0.024s ago] ('revenue_records', 'r', 'p', 'f', 'v', 'm', 'pg_catalog')
2026-01-30 07:47:29,959 - sqlalchemy.engine.Engine - INFO - SELECT pg_catalog.pg_class.relname 
FROM pg_catalog.pg_class JOIN pg_catalog.pg_namespace ON pg_catalog.pg_namespace.oid = pg_catalog.pg_class.relnamespace 
WHERE pg_catalog.pg_class.relname = $1::VARCHAR AND pg_catalog.pg_class.relkind = ANY (ARRAY[$2::VARCHAR, $3::VARCHAR, $4::VARCHAR, $5::VARCHAR, $6::VARCHAR]) AND pg_catalog.pg_table_is_visible(pg_catalog.pg_class.oid) AND pg_catalog.pg_namespace.nspname != $7::VARCHAR
2026-01-30 07:47:29,959 - sqlalchemy.engine.Engine - INFO - [cached since 0.0247s ago] ('admin_audit_log', 'r', 'p', 'f', 'v', 'm', 'pg_catalog')
2026-01-30 07:47:29,960 - sqlalchemy.engine.Engine - INFO - SELECT pg_catalog.pg_class.relname 
FROM pg_catalog.pg_class JOIN pg_catalog.pg_namespace ON pg_catalog.pg_namespace.oid = pg_catalog.pg_class.relnamespace 
WHERE pg_catalog.pg_class.relname = $1::VARCHAR AND pg_catalog.pg_class.relkind = ANY (ARRAY[$2::VARCHAR, $3::VARCHAR, $4::VARCHAR, $5::VARCHAR, $6::VARCHAR]) AND pg_catalog.pg_table_is_visible(pg_catalog.pg_class.oid) AND pg_catalog.pg_namespace.nspname != $7::VARCHAR
2026-01-30 07:47:29,960 - sqlalchemy.engine.Engine - INFO - [cached since 0.02545s ago] ('users', 'r', 'p', 'f', 'v', 'm', 'pg_catalog')
2026-01-30 07:47:29,961 - sqlalchemy.engine.Engine - INFO - SELECT pg_catalog.pg_class.relname 
FROM pg_catalog.pg_class JOIN pg_catalog.pg_namespace ON pg_catalog.pg_namespace.oid = pg_catalog.pg_class.relnamespace 
WHERE pg_catalog.pg_class.relname = $1::VARCHAR AND pg_catalog.pg_class.relkind = ANY (ARRAY[$2::VARCHAR, $3::VARCHAR, $4::VARCHAR, $5::VARCHAR, $6::VARCHAR]) AND pg_catalog.pg_table_is_visible(pg_catalog.pg_class.oid) AND pg_catalog.pg_namespace.nspname != $7::VARCHAR
2026-01-30 07:47:29,961 - sqlalchemy.engine.Engine - INFO - [cached since 0.02616s ago] ('user_profiles', 'r', 'p', 'f', 'v', 'm', 'pg_catalog')
2026-01-30 07:47:29,961 - sqlalchemy.engine.Engine - INFO - SELECT pg_catalog.pg_class.relname 
FROM pg_catalog.pg_class JOIN pg_catalog.pg_namespace ON pg_catalog.pg_namespace.oid = pg_catalog.pg_class.relnamespace 
WHERE pg_catalog.pg_class.relname = $1::VARCHAR AND pg_catalog.pg_class.relkind = ANY (ARRAY[$2::VARCHAR, $3::VARCHAR, $4::VARCHAR, $5::VARCHAR, $6::VARCHAR]) AND pg_catalog.pg_table_is_visible(pg_catalog.pg_class.oid) AND pg_catalog.pg_namespace.nspname != $7::VARCHAR
2026-01-30 07:47:29,962 - sqlalchemy.engine.Engine - INFO - [cached since 0.02703s ago] ('site', 'r', 'p', 'f', 'v', 'm', 'pg_catalog')
2026-01-30 07:47:29,964 - sqlalchemy.engine.Engine - INFO - SELECT pg_catalog.pg_type.typname 
FROM pg_catalog.pg_type JOIN pg_catalog.pg_namespace ON pg_catalog.pg_namespace.oid = pg_catalog.pg_type.typnamespace 
WHERE pg_catalog.pg_type.typname = $1::VARCHAR AND pg_catalog.pg_type_is_visible(pg_catalog.pg_type.oid) AND pg_catalog.pg_namespace.nspname != $2::VARCHAR
2026-01-30 07:47:29,964 - sqlalchemy.engine.Engine - INFO - [generated in 0.00027s] ('courselevel', 'pg_catalog')
2026-01-30 07:47:29,966 - sqlalchemy.engine.Engine - INFO - SELECT pg_catalog.pg_type.typname 
FROM pg_catalog.pg_type JOIN pg_catalog.pg_namespace ON pg_catalog.pg_namespace.oid = pg_catalog.pg_type.typnamespace 
WHERE pg_catalog.pg_type.typname = $1::VARCHAR AND pg_catalog.pg_type_is_visible(pg_catalog.pg_type.oid) AND pg_catalog.pg_namespace.nspname != $2::VARCHAR
2026-01-30 07:47:29,966 - sqlalchemy.engine.Engine - INFO - [cached since 0.002605s ago] ('coursestatus', 'pg_catalog')
2026-01-30 07:47:29,968 - sqlalchemy.engine.Engine - INFO - SELECT pg_catalog.pg_type.typname 
FROM pg_catalog.pg_type JOIN pg_catalog.pg_namespace ON pg_catalog.pg_namespace.oid = pg_catalog.pg_type.typnamespace 
WHERE pg_catalog.pg_type.typname = $1::VARCHAR AND pg_catalog.pg_type_is_visible(pg_catalog.pg_type.oid) AND pg_catalog.pg_namespace.nspname != $2::VARCHAR
2026-01-30 07:47:29,968 - sqlalchemy.engine.Engine - INFO - [cached since 0.004306s ago] ('enrollmentstatus', 'pg_catalog')
2026-01-30 07:47:29,969 - sqlalchemy.engine.Engine - INFO - SELECT pg_catalog.pg_type.typname 
FROM pg_catalog.pg_type JOIN pg_catalog.pg_namespace ON pg_catalog.pg_namespace.oid = pg_catalog.pg_type.typnamespace 
WHERE pg_catalog.pg_type.typname = $1::VARCHAR AND pg_catalog.pg_type_is_visible(pg_catalog.pg_type.oid) AND pg_catalog.pg_namespace.nspname != $2::VARCHAR
2026-01-30 07:47:29,970 - sqlalchemy.engine.Engine - INFO - [cached since 0.005853s ago] ('completionstatus', 'pg_catalog')
2026-01-30 07:47:29,971 - sqlalchemy.engine.Engine - INFO - SELECT pg_catalog.pg_type.typname 
FROM pg_catalog.pg_type JOIN pg_catalog.pg_namespace ON pg_catalog.pg_namespace.oid = pg_catalog.pg_type.typnamespace 
WHERE pg_catalog.pg_type.typname = $1::VARCHAR AND pg_catalog.pg_type_is_visible(pg_catalog.pg_type.oid) AND pg_catalog.pg_namespace.nspname != $2::VARCHAR
2026-01-30 07:47:29,971 - sqlalchemy.engine.Engine - INFO - [cached since 0.007551s ago] ('lessontype', 'pg_catalog')
2026-01-30 07:47:29,973 - sqlalchemy.engine.Engine - INFO - SELECT pg_catalog.pg_type.typname 
FROM pg_catalog.pg_type JOIN pg_catalog.pg_namespace ON pg_catalog.pg_namespace.oid = pg_catalog.pg_type.typnamespace 
WHERE pg_catalog.pg_type.typname = $1::VARCHAR AND pg_catalog.pg_type_is_visible(pg_catalog.pg_type.oid) AND pg_catalog.pg_namespace.nspname != $2::VARCHAR
2026-01-30 07:47:29,973 - sqlalchemy.engine.Engine - INFO - [cached since 0.009262s ago] ('quizquestiontype', 'pg_catalog')
2026-01-30 07:47:29,974 - sqlalchemy.engine.Engine - INFO - SELECT pg_catalog.pg_type.typname 
FROM pg_catalog.pg_type JOIN pg_catalog.pg_namespace ON pg_catalog.pg_namespace.oid = pg_catalog.pg_type.typnamespace 
WHERE pg_catalog.pg_type.typname = $1::VARCHAR AND pg_catalog.pg_type_is_visible(pg_catalog.pg_type.oid) AND pg_catalog.pg_namespace.nspname != $2::VARCHAR
2026-01-30 07:47:29,975 - sqlalchemy.engine.Engine - INFO - [cached since 0.01074s ago] ('notificationtype', 'pg_catalog')
2026-01-30 07:47:29,976 - sqlalchemy.engine.Engine - INFO - SELECT pg_catalog.pg_type.typname 
FROM pg_catalog.pg_type JOIN pg_catalog.pg_namespace ON pg_catalog.pg_namespace.oid = pg_catalog.pg_type.typnamespace 
WHERE pg_catalog.pg_type.typname = $1::VARCHAR AND pg_catalog.pg_type_is_visible(pg_catalog.pg_type.oid) AND pg_catalog.pg_namespace.nspname != $2::VARCHAR
2026-01-30 07:47:29,976 - sqlalchemy.engine.Engine - INFO - [cached since 0.01185s ago] ('notificationpriority', 'pg_catalog')
2026-01-30 07:47:29,977 - sqlalchemy.engine.Engine - INFO - SELECT pg_catalog.pg_type.typname 
FROM pg_catalog.pg_type JOIN pg_catalog.pg_namespace ON pg_catalog.pg_namespace.oid = pg_catalog.pg_type.typnamespace 
WHERE pg_catalog.pg_type.typname = $1::VARCHAR AND pg_catalog.pg_type_is_visible(pg_catalog.pg_type.oid) AND pg_catalog.pg_namespace.nspname != $2::VARCHAR
2026-01-30 07:47:29,977 - sqlalchemy.engine.Engine - INFO - [cached since 0.01299s ago] ('userrole', 'pg_catalog')
2026-01-30 07:47:29,979 - sqlalchemy.engine.Engine - INFO - SELECT pg_catalog.pg_type.typname 
FROM pg_catalog.pg_type JOIN pg_catalog.pg_namespace ON pg_catalog.pg_namespace.oid = pg_catalog.pg_type.typnamespace 
WHERE pg_catalog.pg_type.typname = $1::VARCHAR AND pg_catalog.pg_type_is_visible(pg_catalog.pg_type.oid) AND pg_catalog.pg_namespace.nspname != $2::VARCHAR
2026-01-30 07:47:29,979 - sqlalchemy.engine.Engine - INFO - [cached since 0.01548s ago] ('userstatus', 'pg_catalog')
2026-01-30 07:47:29,981 - sqlalchemy.engine.Engine - INFO - COMMIT
2026-01-30 07:47:37,290 - sqlalchemy.engine.Engine - INFO - BEGIN (implicit)
2026-01-30 07:47:37,320 - sqlalchemy.engine.Engine - INFO - SELECT site.id, site.subdomain, site.custom_domain, site.name, site.logo_url, site.theme_config, site.owner_id 
FROM site 
WHERE site.subdomain = $1::VARCHAR
2026-01-30 07:47:37,321 - sqlalchemy.engine.Engine - INFO - [generated in 0.00030s] ('test-1d01e3',)
2026-01-30 07:47:37,325 - sqlalchemy.engine.Engine - INFO - ROLLBACK
2026-01-30 07:47:37,337 - sqlalchemy.engine.Engine - INFO - BEGIN (implicit)
2026-01-30 07:47:37,338 - sqlalchemy.engine.Engine - INFO - SELECT site.id, site.subdomain, site.custom_domain, site.name, site.logo_url, site.theme_config, site.owner_id 
FROM site 
WHERE site.subdomain = $1::VARCHAR
2026-01-30 07:47:37,338 - sqlalchemy.engine.Engine - INFO - [cached since 0.01739s ago] ('test-1d01e3',)
2026-01-30 07:47:37,341 - sqlalchemy.engine.Engine - INFO - SELECT users.id, users.site_id, users.email, users.username, users.hashed_password, users.first_name, users.last_name, users.role, users.status, users.avatar_url, users.bio, users.phone, users.timezone, users.language, users.email_verified, users.last_login_at, users.created_at, users.updated_at 
FROM users 
WHERE users.email = $1::VARCHAR
2026-01-30 07:47:37,341 - sqlalchemy.engine.Engine - INFO - [generated in 0.00027s] ('admin@test-1d01e3.com',)
2026-01-30 07:47:37,344 - sqlalchemy.engine.Engine - INFO - ROLLBACK
